--- 1 rank ---
Running parallel VMC with 1 MPI ranks
Total cycles: 2000000 (2000000 per rank)

  alpha    beta         <E>         Var    Accept
----------------------------------------------------
a=0.95  b=0.220  <E>=+3.2920  Var=0.5665  Accept=50.4%
a=0.95  b=0.233  <E>=+3.2792  Var=0.5514  Accept=46.8%
a=0.95  b=0.247  <E>=+3.2634  Var=0.5326  Accept=50.5%
a=0.95  b=0.260  <E>=+3.2467  Var=0.5225  Accept=50.3%
a=0.95  b=0.273  <E>=+3.2414  Var=0.5088  Accept=49.0%
a=0.95  b=0.287  <E>=+3.2277  Var=0.4879  Accept=49.4%
a=0.95  b=0.300  <E>=+3.2166  Var=0.4897  Accept=50.0%
a=1.00  b=0.220  <E>=+3.2462  Var=0.5138  Accept=41.2%
a=1.00  b=0.233  <E>=+3.2360  Var=0.4997  Accept=49.4%
a=1.00  b=0.247  <E>=+3.2215  Var=0.4938  Accept=51.0%
a=1.00  b=0.260  <E>=+3.2108  Var=0.4872  Accept=19.7%
a=1.00  b=0.273  <E>=+3.2012  Var=0.4727  Accept=50.4%
a=1.00  b=0.287  <E>=+3.1910  Var=0.5051  Accept=51.3%
a=1.00  b=0.300  <E>=+3.1798  Var=0.4667  Accept=32.1%
a=1.05  b=0.220  <E>=+3.2121  Var=0.4925  Accept=49.8%
a=1.05  b=0.233  <E>=+3.2037  Var=0.4790  Accept=49.7%
a=1.05  b=0.247  <E>=+3.1905  Var=0.4870  Accept=50.0%
a=1.05  b=0.260  <E>=+3.1822  Var=0.4616  Accept=18.6%
a=1.05  b=0.273  <E>=+3.1720  Var=0.4487  Accept=49.4%
a=1.05  b=0.287  <E>=+3.1641  Var=0.4439  Accept=18.4%
a=1.05  b=0.300  <E>=+3.1552  Var=0.4458  Accept=50.1%
a=1.10  b=0.220  <E>=+3.1872  Var=0.4846  Accept=48.8%
a=1.10  b=0.233  <E>=+3.1778  Var=0.4669  Accept=48.7%
a=1.10  b=0.247  <E>=+3.1680  Var=0.4687  Accept=49.2%
a=1.10  b=0.260  <E>=+3.1602  Var=0.4459  Accept=50.5%
a=1.10  b=0.273  <E>=+3.1501  Var=0.4642  Accept=49.7%
a=1.10  b=0.287  <E>=+3.1453  Var=0.4379  Accept=49.6%
a=1.10  b=0.300  <E>=+3.1374  Var=0.4232  Accept=49.9%
a=1.15  b=0.220  <E>=+3.1690  Var=0.5138  Accept=50.1%
a=1.15  b=0.233  <E>=+3.1627  Var=0.4727  Accept=47.7%
a=1.15  b=0.247  <E>=+3.1529  Var=0.4761  Accept=47.6%
a=1.15  b=0.260  <E>=+3.1465  Var=0.4634  Accept=50.3%
a=1.15  b=0.273  <E>=+3.1393  Var=0.4439  Accept=47.4%
a=1.15  b=0.287  <E>=+3.1324  Var=0.4779  Accept=47.3%
a=1.15  b=0.300  <E>=+3.1277  Var=0.4416  Accept=50.3%

Best parameters found:
  alpha    = 1.150
  beta     = 0.300
  <E>      = 3.12768 a.u.  (expected ~3.0)
  Variance = 0.44159
  Total time: 4702.6s with 1 ranks
--- 2 ranks ---
Running parallel VMC with 2 MPI ranks
Total cycles: 2000000 (1000000 per rank)

  alpha    beta         <E>         Var    Accept
----------------------------------------------------
a=0.95  b=0.220  <E>=+3.2936  Var=0.5698  Accept=50.0%
a=0.95  b=0.233  <E>=+3.2780  Var=0.5424  Accept=50.5%
a=0.95  b=0.247  <E>=+3.2627  Var=0.5349  Accept=49.8%
a=0.95  b=0.260  <E>=+3.2521  Var=0.5220  Accept=49.6%
a=0.95  b=0.273  <E>=+3.2384  Var=0.5060  Accept=50.2%
a=0.95  b=0.287  <E>=+3.2257  Var=0.4875  Accept=49.3%
a=0.95  b=0.300  <E>=+3.2198  Var=0.4818  Accept=49.9%
a=1.00  b=0.220  <E>=+3.2502  Var=0.5123  Accept=47.7%
a=1.00  b=0.233  <E>=+3.2337  Var=0.5085  Accept=49.2%
a=1.00  b=0.247  <E>=+3.2215  Var=0.4989  Accept=34.7%
a=1.00  b=0.260  <E>=+3.2096  Var=0.4885  Accept=49.6%
a=1.00  b=0.273  <E>=+3.2012  Var=0.4688  Accept=47.9%
a=1.00  b=0.287  <E>=+3.1899  Var=0.4784  Accept=32.4%
a=1.00  b=0.300  <E>=+3.1804  Var=0.4433  Accept=50.4%
a=1.05  b=0.220  <E>=+3.2116  Var=0.5133  Accept=34.6%
a=1.05  b=0.233  <E>=+3.2040  Var=0.4703  Accept=34.3%
a=1.05  b=0.247  <E>=+3.1903  Var=0.4734  Accept=50.2%
a=1.05  b=0.260  <E>=+3.1801  Var=0.4685  Accept=49.9%
a=1.05  b=0.273  <E>=+3.1740  Var=0.4681  Accept=50.3%
a=1.05  b=0.287  <E>=+3.1632  Var=0.4450  Accept=49.6%
a=1.05  b=0.300  <E>=+3.1559  Var=0.4411  Accept=49.9%
a=1.10  b=0.220  <E>=+3.1878  Var=0.4756  Accept=49.1%
a=1.10  b=0.233  <E>=+3.1759  Var=0.4669  Accept=49.5%
a=1.10  b=0.247  <E>=+3.1696  Var=0.4656  Accept=49.6%
a=1.10  b=0.260  <E>=+3.1598  Var=0.4573  Accept=49.3%
a=1.10  b=0.273  <E>=+3.1510  Var=0.4504  Accept=49.0%
a=1.10  b=0.287  <E>=+3.1444  Var=0.4343  Accept=49.1%
a=1.10  b=0.300  <E>=+3.1383  Var=0.4382  Accept=50.0%
a=1.15  b=0.220  <E>=+3.1700  Var=0.4849  Accept=50.1%
a=1.15  b=0.233  <E>=+3.1630  Var=0.4675  Accept=49.2%
a=1.15  b=0.247  <E>=+3.1537  Var=0.4637  Accept=48.4%
a=1.15  b=0.260  <E>=+3.1448  Var=0.4580  Accept=50.2%
a=1.15  b=0.273  <E>=+3.1388  Var=0.4526  Accept=47.4%
a=1.15  b=0.287  <E>=+3.1334  Var=0.4407  Accept=50.2%
a=1.15  b=0.300  <E>=+3.1253  Var=0.4522  Accept=48.6%

Best parameters found:
  alpha    = 1.150
  beta     = 0.300
  <E>      = 3.12526 a.u.  (expected ~3.0)
  Variance = 0.45224
  Total time: 2649.6s with 2 ranks
--- 4 ranks ---
Running parallel VMC with 4 MPI ranks
Total cycles: 2000000 (500000 per rank)

  alpha    beta         <E>         Var    Accept
----------------------------------------------------
a=0.95  b=0.220  <E>=+3.2931  Var=0.5783  Accept=49.7%
a=0.95  b=0.233  <E>=+3.2786  Var=0.5428  Accept=50.4%
a=0.95  b=0.247  <E>=+3.2639  Var=0.5352  Accept=49.7%
a=0.95  b=0.260  <E>=+3.2512  Var=0.5088  Accept=50.2%
a=0.95  b=0.273  <E>=+3.2401  Var=0.6007  Accept=49.2%
a=0.95  b=0.287  <E>=+3.2289  Var=0.5044  Accept=49.9%
a=0.95  b=0.300  <E>=+3.2190  Var=0.4778  Accept=49.5%
a=1.00  b=0.220  <E>=+3.2492  Var=0.5186  Accept=45.7%
a=1.00  b=0.233  <E>=+3.2343  Var=0.4955  Accept=42.3%
a=1.00  b=0.247  <E>=+3.2222  Var=0.4871  Accept=49.9%
a=1.00  b=0.260  <E>=+3.2106  Var=0.4747  Accept=41.0%
a=1.00  b=0.273  <E>=+3.2005  Var=0.4718  Accept=35.0%
a=1.00  b=0.287  <E>=+3.1898  Var=0.4720  Accept=30.4%
a=1.00  b=0.300  <E>=+3.1811  Var=0.4656  Accept=42.6%
a=1.05  b=0.220  <E>=+3.2138  Var=0.4940  Accept=42.5%
a=1.05  b=0.233  <E>=+3.2012  Var=0.4963  Accept=34.4%
a=1.05  b=0.247  <E>=+3.1894  Var=0.4729  Accept=42.2%
a=1.05  b=0.260  <E>=+3.1803  Var=0.4715  Accept=49.7%
a=1.05  b=0.273  <E>=+3.1690  Var=0.4626  Accept=49.9%
a=1.05  b=0.287  <E>=+3.1621  Var=0.4381  Accept=49.9%
a=1.05  b=0.300  <E>=+3.1553  Var=0.4472  Accept=42.0%
a=1.10  b=0.220  <E>=+3.1890  Var=0.4838  Accept=49.2%
a=1.10  b=0.233  <E>=+3.1781  Var=0.5042  Accept=49.6%
a=1.10  b=0.247  <E>=+3.1663  Var=0.4760  Accept=50.0%
a=1.10  b=0.260  <E>=+3.1605  Var=0.4623  Accept=49.6%
a=1.10  b=0.273  <E>=+3.1524  Var=0.4440  Accept=50.1%
a=1.10  b=0.287  <E>=+3.1446  Var=0.4503  Accept=49.8%
a=1.10  b=0.300  <E>=+3.1370  Var=0.4493  Accept=49.6%
a=1.15  b=0.220  <E>=+3.1709  Var=0.4765  Accept=49.4%
a=1.15  b=0.233  <E>=+3.1609  Var=0.5101  Accept=48.8%
a=1.15  b=0.247  <E>=+3.1530  Var=0.4788  Accept=49.7%
a=1.15  b=0.260  <E>=+3.1479  Var=0.4763  Accept=49.7%
a=1.15  b=0.273  <E>=+3.1398  Var=0.4611  Accept=49.5%
a=1.15  b=0.287  <E>=+3.1310  Var=0.4943  Accept=49.5%
a=1.15  b=0.300  <E>=+3.1260  Var=0.4596  Accept=48.6%

Best parameters found:
  alpha    = 1.150
  beta     = 0.300
  <E>      = 3.12599 a.u.  (expected ~3.0)
  Variance = 0.45961
  Total time: 1487.2s with 4 ranks
--- 8 ranks ---
Running parallel VMC with 8 MPI ranks
Total cycles: 2000000 (250000 per rank)

  alpha    beta         <E>         Var    Accept
----------------------------------------------------
a=0.95  b=0.220  <E>=+3.2957  Var=0.5718  Accept=49.6%
a=0.95  b=0.233  <E>=+3.2760  Var=0.5507  Accept=49.7%
a=0.95  b=0.247  <E>=+3.2638  Var=0.5378  Accept=49.8%
a=0.95  b=0.260  <E>=+3.2507  Var=0.5563  Accept=49.3%
a=0.95  b=0.273  <E>=+3.2366  Var=0.5149  Accept=50.2%
a=0.95  b=0.287  <E>=+3.2302  Var=0.4833  Accept=47.0%
a=0.95  b=0.300  <E>=+3.2196  Var=0.4835  Accept=49.8%
a=1.00  b=0.220  <E>=+3.2473  Var=0.5224  Accept=43.7%
a=1.00  b=0.233  <E>=+3.2321  Var=0.5048  Accept=45.4%
a=1.00  b=0.247  <E>=+3.2231  Var=0.4897  Accept=43.6%
a=1.00  b=0.260  <E>=+3.2113  Var=0.4796  Accept=48.3%
a=1.00  b=0.273  <E>=+3.2010  Var=0.4665  Accept=44.0%
a=1.00  b=0.287  <E>=+3.1897  Var=0.5288  Accept=38.7%
a=1.00  b=0.300  <E>=+3.1815  Var=0.4660  Accept=39.1%
a=1.05  b=0.220  <E>=+3.2146  Var=0.4831  Accept=47.7%
a=1.05  b=0.233  <E>=+3.2001  Var=0.4819  Accept=46.2%
a=1.05  b=0.247  <E>=+3.1919  Var=0.4726  Accept=46.2%
a=1.05  b=0.260  <E>=+3.1810  Var=0.4722  Accept=49.8%
a=1.05  b=0.273  <E>=+3.1718  Var=0.4572  Accept=49.9%
a=1.05  b=0.287  <E>=+3.1616  Var=0.4544  Accept=50.3%
a=1.05  b=0.300  <E>=+3.1565  Var=0.4312  Accept=49.8%
a=1.10  b=0.220  <E>=+3.1883  Var=0.4736  Accept=49.5%
a=1.10  b=0.233  <E>=+3.1773  Var=0.4777  Accept=50.2%
a=1.10  b=0.247  <E>=+3.1676  Var=0.4617  Accept=50.0%
a=1.10  b=0.260  <E>=+3.1599  Var=0.4502  Accept=49.9%
a=1.10  b=0.273  <E>=+3.1505  Var=0.4594  Accept=49.9%
a=1.10  b=0.287  <E>=+3.1445  Var=0.4417  Accept=49.7%
a=1.10  b=0.300  <E>=+3.1368  Var=0.4560  Accept=49.8%
a=1.15  b=0.220  <E>=+3.1705  Var=0.4997  Accept=49.7%
a=1.15  b=0.233  <E>=+3.1616  Var=0.4931  Accept=49.9%
a=1.15  b=0.247  <E>=+3.1530  Var=0.4806  Accept=49.3%
a=1.15  b=0.260  <E>=+3.1465  Var=0.4471  Accept=49.2%
a=1.15  b=0.273  <E>=+3.1397  Var=0.4450  Accept=48.9%
a=1.15  b=0.287  <E>=+3.1323  Var=0.4607  Accept=49.2%
a=1.15  b=0.300  <E>=+3.1261  Var=0.4496  Accept=49.8%

Best parameters found:
  alpha    = 1.150
  beta     = 0.300
  <E>      = 3.12613 a.u.  (expected ~3.0)
  Variance = 0.44962
  Total time: 946.0s with 8 ranks
