Scanning 5x7 = 35 combinations...

  alpha    beta         <E>         Var    Accept
----------------------------------------------------
a=0.95  b=0.220  <E>=+3.3004  Var=0.5473  Accept=49.4%
a=0.95  b=0.233  <E>=+3.2878  Var=0.5099  Accept=50.5%
a=0.95  b=0.247  <E>=+3.2639  Var=0.5134  Accept=49.8%
a=0.95  b=0.260  <E>=+3.2479  Var=0.5003  Accept=49.6%
a=0.95  b=0.273  <E>=+3.2446  Var=0.5005  Accept=48.9%
a=0.95  b=0.287  <E>=+3.2362  Var=0.4348  Accept=20.6%
a=0.95  b=0.300  <E>=+3.2170  Var=0.4745  Accept=49.5%
a=1.00  b=0.220  <E>=+3.2352  Var=0.5184  Accept=49.9%
a=1.00  b=0.233  <E>=+3.2372  Var=0.4784  Accept=32.6%
a=1.00  b=0.247  <E>=+3.2307  Var=0.4619  Accept=32.7%
a=1.00  b=0.260  <E>=+3.2117  Var=0.5015  Accept=49.3%
a=1.00  b=0.273  <E>=+3.2139  Var=0.4673  Accept=50.1%
a=1.00  b=0.287  <E>=+3.2100  Var=0.4383  Accept=40.6%
a=1.00  b=0.300  <E>=+3.1855  Var=0.4659  Accept=45.3%
a=1.05  b=0.220  <E>=+3.2219  Var=0.4559  Accept=50.0%
a=1.05  b=0.233  <E>=+3.2015  Var=0.4701  Accept=51.1%
a=1.05  b=0.247  <E>=+3.1848  Var=0.4932  Accept=50.0%
a=1.05  b=0.260  <E>=+3.1810  Var=0.4476  Accept=50.4%
a=1.05  b=0.273  <E>=+3.1734  Var=0.3944  Accept=18.8%
a=1.05  b=0.287  <E>=+3.1710  Var=0.4204  Accept=49.1%
a=1.05  b=0.300  <E>=+3.1566  Var=0.3973  Accept=50.5%
a=1.10  b=0.220  <E>=+3.1893  Var=0.4797  Accept=48.6%
a=1.10  b=0.233  <E>=+3.1764  Var=0.4635  Accept=50.1%
a=1.10  b=0.247  <E>=+3.1629  Var=0.4524  Accept=49.8%
a=1.10  b=0.260  <E>=+3.1571  Var=0.4847  Accept=50.4%
a=1.10  b=0.273  <E>=+3.1510  Var=0.4484  Accept=48.1%
a=1.10  b=0.287  <E>=+3.1403  Var=0.4251  Accept=50.9%
a=1.10  b=0.300  <E>=+3.1326  Var=0.4284  Accept=50.0%
a=1.15  b=0.220  <E>=+3.1709  Var=0.4630  Accept=50.3%
a=1.15  b=0.233  <E>=+3.1647  Var=0.5321  Accept=47.5%
a=1.15  b=0.247  <E>=+3.1466  Var=0.4448  Accept=49.6%
a=1.15  b=0.260  <E>=+3.1531  Var=0.4584  Accept=50.6%
a=1.15  b=0.273  <E>=+3.1309  Var=0.4928  Accept=50.8%
a=1.15  b=0.287  <E>=+3.1400  Var=0.5002  Accept=50.2%
a=1.15  b=0.300  <E>=+3.1179  Var=0.4857  Accept=50.7%

Best parameters found:
  alpha    = 1.150
  beta     = 0.300
  <E>      = 3.11790 a.u.  (expected ~3.0)
  Variance = 0.48567
